(node:29303) [MONGOOSE] Warning: Duplicate schema index on {"email":1} found. This is often due to declaring an index using both "index: true" and "schema.index()". Please remove the duplicate index definition.
(Use `node --trace-warnings ...` to show where the warning was created)
(node:29303) [MONGOOSE] Warning: Duplicate schema index on {"username":1} found. This is often due to declaring an index using both "index: true" and "schema.index()". Please remove the duplicate index definition.
(node:29303) [MONGODB DRIVER] Warning: useNewUrlParser is a deprecated option: useNewUrlParser has no effect since Node.js Driver version 4.0.0 and will be removed in the next major version
(node:29303) [MONGODB DRIVER] Warning: useUnifiedTopology is a deprecated option: useUnifiedTopology has no effect since Node.js Driver version 4.0.0 and will be removed in the next major version
🚀 Sno Cast server running on port 5000
🌍 Environment: development
🌐 Server accessible at: http://0.0.0.0:5000
✅ MongoDB connected successfully
Python process exited with code: 1
Python process exited with code: 1
Python error: chunk:   0%|          | 0/32 [00:00<?, ?it/s, now=None]
Python error:                                                        
Python error: chunk:   0%|          | 0/1976 [00:00<?, ?it/s, now=None]
Python error: chunk:  21%|██        | 408/1976 [00:00<00:00, 4024.78it/s, now=None]
Python error: chunk:  43%|████▎     | 851/1976 [00:00<00:00, 4260.54it/s, now=None]
Python error: chunk:  65%|██████▍   | 1278/1976 [00:00<00:00, 4246.10it/s, now=None]
Python error: chunk:  87%|████████▋ | 1718/1976 [00:00<00:00, 4296.37it/s, now=None]
Python error:                                                                       
Python error: chunk:   0%|          | 0/43 [00:00<?, ?it/s, now=None]
Python error:                                                        
